Watching for file changes with StatReloader
Watching for file changes with StatReloader
Watching for file changes with StatReloader
/home/runner/workspace/chatbot/forms.py changed, reloading.
Watching for file changes with StatReloader
Watching for file changes with StatReloader
/home/runner/workspace/chatbot/urls.py changed, reloading.
Watching for file changes with StatReloader
"GET / HTTP/1.1" 200 6255
"GET /static/chatbot/css/style.css HTTP/1.1" 200 4782
Watching for file changes with StatReloader
"GET / HTTP/1.1" 200 6255
"GET /static/chatbot/css/style.css HTTP/1.1" 304 0
"GET / HTTP/1.1" 200 6255
"GET /static/chatbot/css/style.css HTTP/1.1" 200 4782
Not Found: /favicon.ico
"GET /favicon.ico HTTP/1.1" 404 5050
Internal Server Error: /program-explorer/
Traceback (most recent call last):
  File "/home/runner/workspace/.pythonlibs/lib/python3.12/site-packages/django/core/handlers/exception.py", line 55, in inner
    response = get_response(request)
               ^^^^^^^^^^^^^^^^^^^^^
  File "/home/runner/workspace/.pythonlibs/lib/python3.12/site-packages/django/core/handlers/base.py", line 197, in _get_response
    response = wrapped_callback(request, *callback_args, **callback_kwargs)
               ^^^^^^^^^^^^^^^^^^^^^^^^^^^^^^^^^^^^^^^^^^^^^^^^^^^^^^^^^^^^
  File "/home/runner/workspace/chatbot/views.py", line 165, in program_explorer
    return render(request, 'chatbot/program_explorer.html', {
           ^^^^^^^^^^^^^^^^^^^^^^^^^^^^^^^^^^^^^^^^^^^^^^^^^^
  File "/home/runner/workspace/.pythonlibs/lib/python3.12/site-packages/django/shortcuts.py", line 25, in render
    content = loader.render_to_string(template_name, context, request, using=using)
              ^^^^^^^^^^^^^^^^^^^^^^^^^^^^^^^^^^^^^^^^^^^^^^^^^^^^^^^^^^^^^^^^^^^^^
  File "/home/runner/workspace/.pythonlibs/lib/python3.12/site-packages/django/template/loader.py", line 61, in render_to_string
    template = get_template(template_name, using=using)
               ^^^^^^^^^^^^^^^^^^^^^^^^^^^^^^^^^^^^^^^^
  File "/home/runner/workspace/.pythonlibs/lib/python3.12/site-packages/django/template/loader.py", line 19, in get_template
    raise TemplateDoesNotExist(template_name, chain=chain)
django.template.exceptions.TemplateDoesNotExist: chatbot/program_explorer.html
"GET /program-explorer/ HTTP/1.1" 500 94622
"GET / HTTP/1.1" 200 6255
"GET /static/chatbot/css/style.css HTTP/1.1" 304 0
Internal Server Error: /chat/
Traceback (most recent call last):
  File "/home/runner/workspace/.pythonlibs/lib/python3.12/site-packages/django/db/backends/utils.py", line 105, in _execute
    return self.cursor.execute(sql, params)
           ^^^^^^^^^^^^^^^^^^^^^^^^^^^^^^^^
  File "/home/runner/workspace/.pythonlibs/lib/python3.12/site-packages/django/db/backends/sqlite3/base.py", line 360, in execute
    return super().execute(query, params)
           ^^^^^^^^^^^^^^^^^^^^^^^^^^^^^^
sqlite3.OperationalError: no such table: chatbot_conversation

The above exception was the direct cause of the following exception:

Traceback (most recent call last):
  File "/home/runner/workspace/.pythonlibs/lib/python3.12/site-packages/django/core/handlers/exception.py", line 55, in inner
    response = get_response(request)
               ^^^^^^^^^^^^^^^^^^^^^
  File "/home/runner/workspace/.pythonlibs/lib/python3.12/site-packages/django/core/handlers/base.py", line 197, in _get_response
    response = wrapped_callback(request, *callback_args, **callback_kwargs)
               ^^^^^^^^^^^^^^^^^^^^^^^^^^^^^^^^^^^^^^^^^^^^^^^^^^^^^^^^^^^^
  File "/home/runner/workspace/chatbot/views.py", line 29, in chat_view
    conversation = Conversation.objects.create(
                   ^^^^^^^^^^^^^^^^^^^^^^^^^^^^
  File "/home/runner/workspace/.pythonlibs/lib/python3.12/site-packages/django/db/models/manager.py", line 87, in manager_method
    return getattr(self.get_queryset(), name)(*args, **kwargs)
           ^^^^^^^^^^^^^^^^^^^^^^^^^^^^^^^^^^^^^^^^^^^^^^^^^^^
  File "/home/runner/workspace/.pythonlibs/lib/python3.12/site-packages/django/db/models/query.py", line 663, in create
    obj.save(force_insert=True, using=self.db)
  File "/home/runner/workspace/.pythonlibs/lib/python3.12/site-packages/django/db/models/base.py", line 902, in save
    self.save_base(
  File "/home/runner/workspace/.pythonlibs/lib/python3.12/site-packages/django/db/models/base.py", line 1008, in save_base
    updated = self._save_table(
              ^^^^^^^^^^^^^^^^^
  File "/home/runner/workspace/.pythonlibs/lib/python3.12/site-packages/django/db/models/base.py", line 1169, in _save_table
    results = self._do_insert(
              ^^^^^^^^^^^^^^^^
  File "/home/runner/workspace/.pythonlibs/lib/python3.12/site-packages/django/db/models/base.py", line 1210, in _do_insert
    return manager._insert(
           ^^^^^^^^^^^^^^^^
  File "/home/runner/workspace/.pythonlibs/lib/python3.12/site-packages/django/db/models/manager.py", line 87, in manager_method
    return getattr(self.get_queryset(), name)(*args, **kwargs)
           ^^^^^^^^^^^^^^^^^^^^^^^^^^^^^^^^^^^^^^^^^^^^^^^^^^^
  File "/home/runner/workspace/.pythonlibs/lib/python3.12/site-packages/django/db/models/query.py", line 1868, in _insert
    return query.get_compiler(using=using).execute_sql(returning_fields)
           ^^^^^^^^^^^^^^^^^^^^^^^^^^^^^^^^^^^^^^^^^^^^^^^^^^^^^^^^^^^^^
  File "/home/runner/workspace/.pythonlibs/lib/python3.12/site-packages/django/db/models/sql/compiler.py", line 1882, in execute_sql
    cursor.execute(sql, params)
  File "/home/runner/workspace/.pythonlibs/lib/python3.12/site-packages/django/db/backends/utils.py", line 122, in execute
    return super().execute(sql, params)
           ^^^^^^^^^^^^^^^^^^^^^^^^^^^^
  File "/home/runner/workspace/.pythonlibs/lib/python3.12/site-packages/django/db/backends/utils.py", line 79, in execute
    return self._execute_with_wrappers(
           ^^^^^^^^^^^^^^^^^^^^^^^^^^^^
  File "/home/runner/workspace/.pythonlibs/lib/python3.12/site-packages/django/db/backends/utils.py", line 92, in _execute_with_wrappers
    return executor(sql, params, many, context)
           ^^^^^^^^^^^^^^^^^^^^^^^^^^^^^^^^^^^^
  File "/home/runner/workspace/.pythonlibs/lib/python3.12/site-packages/django/db/backends/utils.py", line 100, in _execute
    with self.db.wrap_database_errors:
         ^^^^^^^^^^^^^^^^^^^^^^^^^^^^
  File "/home/runner/workspace/.pythonlibs/lib/python3.12/site-packages/django/db/utils.py", line 91, in __exit__
    raise dj_exc_value.with_traceback(traceback) from exc_value
  File "/home/runner/workspace/.pythonlibs/lib/python3.12/site-packages/django/db/backends/utils.py", line 105, in _execute
    return self.cursor.execute(sql, params)
           ^^^^^^^^^^^^^^^^^^^^^^^^^^^^^^^^
  File "/home/runner/workspace/.pythonlibs/lib/python3.12/site-packages/django/db/backends/sqlite3/base.py", line 360, in execute
    return super().execute(query, params)
           ^^^^^^^^^^^^^^^^^^^^^^^^^^^^^^
django.db.utils.OperationalError: no such table: chatbot_conversation
"GET /chat/ HTTP/1.1" 500 171796
Internal Server Error: /chat/
Traceback (most recent call last):
  File "/home/runner/workspace/.pythonlibs/lib/python3.12/site-packages/django/db/backends/utils.py", line 105, in _execute
    return self.cursor.execute(sql, params)
           ^^^^^^^^^^^^^^^^^^^^^^^^^^^^^^^^
  File "/home/runner/workspace/.pythonlibs/lib/python3.12/site-packages/django/db/backends/sqlite3/base.py", line 360, in execute
    return super().execute(query, params)
           ^^^^^^^^^^^^^^^^^^^^^^^^^^^^^^
sqlite3.OperationalError: table chatbot_conversation has no column named topic_category

The above exception was the direct cause of the following exception:

Traceback (most recent call last):
  File "/home/runner/workspace/.pythonlibs/lib/python3.12/site-packages/django/core/handlers/exception.py", line 55, in inner
    response = get_response(request)
               ^^^^^^^^^^^^^^^^^^^^^
  File "/home/runner/workspace/.pythonlibs/lib/python3.12/site-packages/django/core/handlers/base.py", line 197, in _get_response
    response = wrapped_callback(request, *callback_args, **callback_kwargs)
               ^^^^^^^^^^^^^^^^^^^^^^^^^^^^^^^^^^^^^^^^^^^^^^^^^^^^^^^^^^^^
  File "/home/runner/workspace/chatbot/views.py", line 29, in chat_view
    conversation = Conversation.objects.create(
                   ^^^^^^^^^^^^^^^^^^^^^^^^^^^^
  File "/home/runner/workspace/.pythonlibs/lib/python3.12/site-packages/django/db/models/manager.py", line 87, in manager_method
    return getattr(self.get_queryset(), name)(*args, **kwargs)
           ^^^^^^^^^^^^^^^^^^^^^^^^^^^^^^^^^^^^^^^^^^^^^^^^^^^
  File "/home/runner/workspace/.pythonlibs/lib/python3.12/site-packages/django/db/models/query.py", line 663, in create
    obj.save(force_insert=True, using=self.db)
  File "/home/runner/workspace/.pythonlibs/lib/python3.12/site-packages/django/db/models/base.py", line 902, in save
    self.save_base(
  File "/home/runner/workspace/.pythonlibs/lib/python3.12/site-packages/django/db/models/base.py", line 1008, in save_base
    updated = self._save_table(
              ^^^^^^^^^^^^^^^^^
  File "/home/runner/workspace/.pythonlibs/lib/python3.12/site-packages/django/db/models/base.py", line 1169, in _save_table
    results = self._do_insert(
              ^^^^^^^^^^^^^^^^
  File "/home/runner/workspace/.pythonlibs/lib/python3.12/site-packages/django/db/models/base.py", line 1210, in _do_insert
    return manager._insert(
           ^^^^^^^^^^^^^^^^
  File "/home/runner/workspace/.pythonlibs/lib/python3.12/site-packages/django/db/models/manager.py", line 87, in manager_method
    return getattr(self.get_queryset(), name)(*args, **kwargs)
           ^^^^^^^^^^^^^^^^^^^^^^^^^^^^^^^^^^^^^^^^^^^^^^^^^^^
  File "/home/runner/workspace/.pythonlibs/lib/python3.12/site-packages/django/db/models/query.py", line 1868, in _insert
    return query.get_compiler(using=using).execute_sql(returning_fields)
           ^^^^^^^^^^^^^^^^^^^^^^^^^^^^^^^^^^^^^^^^^^^^^^^^^^^^^^^^^^^^^
  File "/home/runner/workspace/.pythonlibs/lib/python3.12/site-packages/django/db/models/sql/compiler.py", line 1882, in execute_sql
    cursor.execute(sql, params)
  File "/home/runner/workspace/.pythonlibs/lib/python3.12/site-packages/django/db/backends/utils.py", line 122, in execute
    return super().execute(sql, params)
           ^^^^^^^^^^^^^^^^^^^^^^^^^^^^
  File "/home/runner/workspace/.pythonlibs/lib/python3.12/site-packages/django/db/backends/utils.py", line 79, in execute
    return self._execute_with_wrappers(
           ^^^^^^^^^^^^^^^^^^^^^^^^^^^^
  File "/home/runner/workspace/.pythonlibs/lib/python3.12/site-packages/django/db/backends/utils.py", line 92, in _execute_with_wrappers
    return executor(sql, params, many, context)
           ^^^^^^^^^^^^^^^^^^^^^^^^^^^^^^^^^^^^
  File "/home/runner/workspace/.pythonlibs/lib/python3.12/site-packages/django/db/backends/utils.py", line 100, in _execute
    with self.db.wrap_database_errors:
         ^^^^^^^^^^^^^^^^^^^^^^^^^^^^
  File "/home/runner/workspace/.pythonlibs/lib/python3.12/site-packages/django/db/utils.py", line 91, in __exit__
    raise dj_exc_value.with_traceback(traceback) from exc_value
  File "/home/runner/workspace/.pythonlibs/lib/python3.12/site-packages/django/db/backends/utils.py", line 105, in _execute
    return self.cursor.execute(sql, params)
           ^^^^^^^^^^^^^^^^^^^^^^^^^^^^^^^^
  File "/home/runner/workspace/.pythonlibs/lib/python3.12/site-packages/django/db/backends/sqlite3/base.py", line 360, in execute
    return super().execute(query, params)
           ^^^^^^^^^^^^^^^^^^^^^^^^^^^^^^
django.db.utils.OperationalError: table chatbot_conversation has no column named topic_category
"GET /chat/ HTTP/1.1" 500 172173
Internal Server Error: /chat/
Traceback (most recent call last):
  File "/home/runner/workspace/.pythonlibs/lib/python3.12/site-packages/django/db/backends/utils.py", line 105, in _execute
    return self.cursor.execute(sql, params)
           ^^^^^^^^^^^^^^^^^^^^^^^^^^^^^^^^
  File "/home/runner/workspace/.pythonlibs/lib/python3.12/site-packages/django/db/backends/sqlite3/base.py", line 360, in execute
    return super().execute(query, params)
           ^^^^^^^^^^^^^^^^^^^^^^^^^^^^^^
sqlite3.OperationalError: table chatbot_conversation has no column named topic_category

The above exception was the direct cause of the following exception:

Traceback (most recent call last):
  File "/home/runner/workspace/.pythonlibs/lib/python3.12/site-packages/django/core/handlers/exception.py", line 55, in inner
    response = get_response(request)
               ^^^^^^^^^^^^^^^^^^^^^
  File "/home/runner/workspace/.pythonlibs/lib/python3.12/site-packages/django/core/handlers/base.py", line 197, in _get_response
    response = wrapped_callback(request, *callback_args, **callback_kwargs)
               ^^^^^^^^^^^^^^^^^^^^^^^^^^^^^^^^^^^^^^^^^^^^^^^^^^^^^^^^^^^^
  File "/home/runner/workspace/chatbot/views.py", line 29, in chat_view
    conversation = Conversation.objects.create(
                   ^^^^^^^^^^^^^^^^^^^^^^^^^^^^
  File "/home/runner/workspace/.pythonlibs/lib/python3.12/site-packages/django/db/models/manager.py", line 87, in manager_method
    return getattr(self.get_queryset(), name)(*args, **kwargs)
           ^^^^^^^^^^^^^^^^^^^^^^^^^^^^^^^^^^^^^^^^^^^^^^^^^^^
  File "/home/runner/workspace/.pythonlibs/lib/python3.12/site-packages/django/db/models/query.py", line 663, in create
    obj.save(force_insert=True, using=self.db)
  File "/home/runner/workspace/.pythonlibs/lib/python3.12/site-packages/django/db/models/base.py", line 902, in save
    self.save_base(
  File "/home/runner/workspace/.pythonlibs/lib/python3.12/site-packages/django/db/models/base.py", line 1008, in save_base
    updated = self._save_table(
              ^^^^^^^^^^^^^^^^^
  File "/home/runner/workspace/.pythonlibs/lib/python3.12/site-packages/django/db/models/base.py", line 1169, in _save_table
    results = self._do_insert(
              ^^^^^^^^^^^^^^^^
  File "/home/runner/workspace/.pythonlibs/lib/python3.12/site-packages/django/db/models/base.py", line 1210, in _do_insert
    return manager._insert(
           ^^^^^^^^^^^^^^^^
  File "/home/runner/workspace/.pythonlibs/lib/python3.12/site-packages/django/db/models/manager.py", line 87, in manager_method
    return getattr(self.get_queryset(), name)(*args, **kwargs)
           ^^^^^^^^^^^^^^^^^^^^^^^^^^^^^^^^^^^^^^^^^^^^^^^^^^^
  File "/home/runner/workspace/.pythonlibs/lib/python3.12/site-packages/django/db/models/query.py", line 1868, in _insert
    return query.get_compiler(using=using).execute_sql(returning_fields)
           ^^^^^^^^^^^^^^^^^^^^^^^^^^^^^^^^^^^^^^^^^^^^^^^^^^^^^^^^^^^^^
  File "/home/runner/workspace/.pythonlibs/lib/python3.12/site-packages/django/db/models/sql/compiler.py", line 1882, in execute_sql
    cursor.execute(sql, params)
  File "/home/runner/workspace/.pythonlibs/lib/python3.12/site-packages/django/db/backends/utils.py", line 122, in execute
    return super().execute(sql, params)
           ^^^^^^^^^^^^^^^^^^^^^^^^^^^^
  File "/home/runner/workspace/.pythonlibs/lib/python3.12/site-packages/django/db/backends/utils.py", line 79, in execute
    return self._execute_with_wrappers(
           ^^^^^^^^^^^^^^^^^^^^^^^^^^^^
  File "/home/runner/workspace/.pythonlibs/lib/python3.12/site-packages/django/db/backends/utils.py", line 92, in _execute_with_wrappers
    return executor(sql, params, many, context)
           ^^^^^^^^^^^^^^^^^^^^^^^^^^^^^^^^^^^^
  File "/home/runner/workspace/.pythonlibs/lib/python3.12/site-packages/django/db/backends/utils.py", line 100, in _execute
    with self.db.wrap_database_errors:
         ^^^^^^^^^^^^^^^^^^^^^^^^^^^^
  File "/home/runner/workspace/.pythonlibs/lib/python3.12/site-packages/django/db/utils.py", line 91, in __exit__
    raise dj_exc_value.with_traceback(traceback) from exc_value
  File "/home/runner/workspace/.pythonlibs/lib/python3.12/site-packages/django/db/backends/utils.py", line 105, in _execute
    return self.cursor.execute(sql, params)
           ^^^^^^^^^^^^^^^^^^^^^^^^^^^^^^^^
  File "/home/runner/workspace/.pythonlibs/lib/python3.12/site-packages/django/db/backends/sqlite3/base.py", line 360, in execute
    return super().execute(query, params)
           ^^^^^^^^^^^^^^^^^^^^^^^^^^^^^^
django.db.utils.OperationalError: table chatbot_conversation has no column named topic_category
"GET /chat/ HTTP/1.1" 500 172173
Internal Server Error: /program-explorer/
Traceback (most recent call last):
  File "/home/runner/workspace/.pythonlibs/lib/python3.12/site-packages/django/core/handlers/exception.py", line 55, in inner
    response = get_response(request)
               ^^^^^^^^^^^^^^^^^^^^^
  File "/home/runner/workspace/.pythonlibs/lib/python3.12/site-packages/django/core/handlers/base.py", line 197, in _get_response
    response = wrapped_callback(request, *callback_args, **callback_kwargs)
               ^^^^^^^^^^^^^^^^^^^^^^^^^^^^^^^^^^^^^^^^^^^^^^^^^^^^^^^^^^^^
  File "/home/runner/workspace/chatbot/views.py", line 165, in program_explorer
    return render(request, 'chatbot/program_explorer.html', {
           ^^^^^^^^^^^^^^^^^^^^^^^^^^^^^^^^^^^^^^^^^^^^^^^^^^
  File "/home/runner/workspace/.pythonlibs/lib/python3.12/site-packages/django/shortcuts.py", line 25, in render
    content = loader.render_to_string(template_name, context, request, using=using)
              ^^^^^^^^^^^^^^^^^^^^^^^^^^^^^^^^^^^^^^^^^^^^^^^^^^^^^^^^^^^^^^^^^^^^^
  File "/home/runner/workspace/.pythonlibs/lib/python3.12/site-packages/django/template/loader.py", line 61, in render_to_string
    template = get_template(template_name, using=using)
               ^^^^^^^^^^^^^^^^^^^^^^^^^^^^^^^^^^^^^^^^
  File "/home/runner/workspace/.pythonlibs/lib/python3.12/site-packages/django/template/loader.py", line 19, in get_template
    raise TemplateDoesNotExist(template_name, chain=chain)
django.template.exceptions.TemplateDoesNotExist: chatbot/program_explorer.html
"GET /program-explorer/ HTTP/1.1" 500 94759
Internal Server Error: /program-explorer/
Traceback (most recent call last):
  File "/home/runner/workspace/.pythonlibs/lib/python3.12/site-packages/django/core/handlers/exception.py", line 55, in inner
    response = get_response(request)
               ^^^^^^^^^^^^^^^^^^^^^
  File "/home/runner/workspace/.pythonlibs/lib/python3.12/site-packages/django/core/handlers/base.py", line 197, in _get_response
    response = wrapped_callback(request, *callback_args, **callback_kwargs)
               ^^^^^^^^^^^^^^^^^^^^^^^^^^^^^^^^^^^^^^^^^^^^^^^^^^^^^^^^^^^^
  File "/home/runner/workspace/chatbot/views.py", line 165, in program_explorer
    return render(request, 'chatbot/program_explorer.html', {
           ^^^^^^^^^^^^^^^^^^^^^^^^^^^^^^^^^^^^^^^^^^^^^^^^^^
  File "/home/runner/workspace/.pythonlibs/lib/python3.12/site-packages/django/shortcuts.py", line 25, in render
    content = loader.render_to_string(template_name, context, request, using=using)
              ^^^^^^^^^^^^^^^^^^^^^^^^^^^^^^^^^^^^^^^^^^^^^^^^^^^^^^^^^^^^^^^^^^^^^
  File "/home/runner/workspace/.pythonlibs/lib/python3.12/site-packages/django/template/loader.py", line 61, in render_to_string
    template = get_template(template_name, using=using)
               ^^^^^^^^^^^^^^^^^^^^^^^^^^^^^^^^^^^^^^^^
  File "/home/runner/workspace/.pythonlibs/lib/python3.12/site-packages/django/template/loader.py", line 19, in get_template
    raise TemplateDoesNotExist(template_name, chain=chain)
django.template.exceptions.TemplateDoesNotExist: chatbot/program_explorer.html
"GET /program-explorer/ HTTP/1.1" 500 94759
Internal Server Error: /chat/
Traceback (most recent call last):
  File "/home/runner/workspace/.pythonlibs/lib/python3.12/site-packages/django/db/backends/utils.py", line 105, in _execute
    return self.cursor.execute(sql, params)
           ^^^^^^^^^^^^^^^^^^^^^^^^^^^^^^^^
  File "/home/runner/workspace/.pythonlibs/lib/python3.12/site-packages/django/db/backends/sqlite3/base.py", line 360, in execute
    return super().execute(query, params)
           ^^^^^^^^^^^^^^^^^^^^^^^^^^^^^^
sqlite3.OperationalError: table chatbot_conversation has no column named topic_category

The above exception was the direct cause of the following exception:

Traceback (most recent call last):
  File "/home/runner/workspace/.pythonlibs/lib/python3.12/site-packages/django/core/handlers/exception.py", line 55, in inner
    response = get_response(request)
               ^^^^^^^^^^^^^^^^^^^^^
  File "/home/runner/workspace/.pythonlibs/lib/python3.12/site-packages/django/core/handlers/base.py", line 197, in _get_response
    response = wrapped_callback(request, *callback_args, **callback_kwargs)
               ^^^^^^^^^^^^^^^^^^^^^^^^^^^^^^^^^^^^^^^^^^^^^^^^^^^^^^^^^^^^
  File "/home/runner/workspace/chatbot/views.py", line 29, in chat_view
    conversation = Conversation.objects.create(
                   ^^^^^^^^^^^^^^^^^^^^^^^^^^^^
  File "/home/runner/workspace/.pythonlibs/lib/python3.12/site-packages/django/db/models/manager.py", line 87, in manager_method
    return getattr(self.get_queryset(), name)(*args, **kwargs)
           ^^^^^^^^^^^^^^^^^^^^^^^^^^^^^^^^^^^^^^^^^^^^^^^^^^^
  File "/home/runner/workspace/.pythonlibs/lib/python3.12/site-packages/django/db/models/query.py", line 663, in create
    obj.save(force_insert=True, using=self.db)
  File "/home/runner/workspace/.pythonlibs/lib/python3.12/site-packages/django/db/models/base.py", line 902, in save
    self.save_base(
  File "/home/runner/workspace/.pythonlibs/lib/python3.12/site-packages/django/db/models/base.py", line 1008, in save_base
    updated = self._save_table(
              ^^^^^^^^^^^^^^^^^
  File "/home/runner/workspace/.pythonlibs/lib/python3.12/site-packages/django/db/models/base.py", line 1169, in _save_table
    results = self._do_insert(
              ^^^^^^^^^^^^^^^^
  File "/home/runner/workspace/.pythonlibs/lib/python3.12/site-packages/django/db/models/base.py", line 1210, in _do_insert
    return manager._insert(
           ^^^^^^^^^^^^^^^^
  File "/home/runner/workspace/.pythonlibs/lib/python3.12/site-packages/django/db/models/manager.py", line 87, in manager_method
    return getattr(self.get_queryset(), name)(*args, **kwargs)
           ^^^^^^^^^^^^^^^^^^^^^^^^^^^^^^^^^^^^^^^^^^^^^^^^^^^
  File "/home/runner/workspace/.pythonlibs/lib/python3.12/site-packages/django/db/models/query.py", line 1868, in _insert
    return query.get_compiler(using=using).execute_sql(returning_fields)
           ^^^^^^^^^^^^^^^^^^^^^^^^^^^^^^^^^^^^^^^^^^^^^^^^^^^^^^^^^^^^^
  File "/home/runner/workspace/.pythonlibs/lib/python3.12/site-packages/django/db/models/sql/compiler.py", line 1882, in execute_sql
    cursor.execute(sql, params)
  File "/home/runner/workspace/.pythonlibs/lib/python3.12/site-packages/django/db/backends/utils.py", line 122, in execute
    return super().execute(sql, params)
           ^^^^^^^^^^^^^^^^^^^^^^^^^^^^
  File "/home/runner/workspace/.pythonlibs/lib/python3.12/site-packages/django/db/backends/utils.py", line 79, in execute
    return self._execute_with_wrappers(
           ^^^^^^^^^^^^^^^^^^^^^^^^^^^^
  File "/home/runner/workspace/.pythonlibs/lib/python3.12/site-packages/django/db/backends/utils.py", line 92, in _execute_with_wrappers
    return executor(sql, params, many, context)
           ^^^^^^^^^^^^^^^^^^^^^^^^^^^^^^^^^^^^
  File "/home/runner/workspace/.pythonlibs/lib/python3.12/site-packages/django/db/backends/utils.py", line 100, in _execute
    with self.db.wrap_database_errors:
         ^^^^^^^^^^^^^^^^^^^^^^^^^^^^
  File "/home/runner/workspace/.pythonlibs/lib/python3.12/site-packages/django/db/utils.py", line 91, in __exit__
    raise dj_exc_value.with_traceback(traceback) from exc_value
  File "/home/runner/workspace/.pythonlibs/lib/python3.12/site-packages/django/db/backends/utils.py", line 105, in _execute
    return self.cursor.execute(sql, params)
           ^^^^^^^^^^^^^^^^^^^^^^^^^^^^^^^^
  File "/home/runner/workspace/.pythonlibs/lib/python3.12/site-packages/django/db/backends/sqlite3/base.py", line 360, in execute
    return super().execute(query, params)
           ^^^^^^^^^^^^^^^^^^^^^^^^^^^^^^
django.db.utils.OperationalError: table chatbot_conversation has no column named topic_category
"GET /chat/ HTTP/1.1" 500 172036
"GET / HTTP/1.1" 200 6255
"GET /static/chatbot/css/style.css HTTP/1.1" 304 0
Internal Server Error: /chat/
Traceback (most recent call last):
  File "/home/runner/workspace/.pythonlibs/lib/python3.12/site-packages/django/db/backends/utils.py", line 105, in _execute
    return self.cursor.execute(sql, params)
           ^^^^^^^^^^^^^^^^^^^^^^^^^^^^^^^^
  File "/home/runner/workspace/.pythonlibs/lib/python3.12/site-packages/django/db/backends/sqlite3/base.py", line 360, in execute
    return super().execute(query, params)
           ^^^^^^^^^^^^^^^^^^^^^^^^^^^^^^
sqlite3.OperationalError: table chatbot_conversation has no column named topic_category

The above exception was the direct cause of the following exception:

Traceback (most recent call last):
  File "/home/runner/workspace/.pythonlibs/lib/python3.12/site-packages/django/core/handlers/exception.py", line 55, in inner
    response = get_response(request)
               ^^^^^^^^^^^^^^^^^^^^^
  File "/home/runner/workspace/.pythonlibs/lib/python3.12/site-packages/django/core/handlers/base.py", line 197, in _get_response
    response = wrapped_callback(request, *callback_args, **callback_kwargs)
               ^^^^^^^^^^^^^^^^^^^^^^^^^^^^^^^^^^^^^^^^^^^^^^^^^^^^^^^^^^^^
  File "/home/runner/workspace/chatbot/views.py", line 29, in chat_view
    conversation = Conversation.objects.create(
                   ^^^^^^^^^^^^^^^^^^^^^^^^^^^^
  File "/home/runner/workspace/.pythonlibs/lib/python3.12/site-packages/django/db/models/manager.py", line 87, in manager_method
    return getattr(self.get_queryset(), name)(*args, **kwargs)
           ^^^^^^^^^^^^^^^^^^^^^^^^^^^^^^^^^^^^^^^^^^^^^^^^^^^
  File "/home/runner/workspace/.pythonlibs/lib/python3.12/site-packages/django/db/models/query.py", line 663, in create
    obj.save(force_insert=True, using=self.db)
  File "/home/runner/workspace/.pythonlibs/lib/python3.12/site-packages/django/db/models/base.py", line 902, in save
    self.save_base(
  File "/home/runner/workspace/.pythonlibs/lib/python3.12/site-packages/django/db/models/base.py", line 1008, in save_base
    updated = self._save_table(
              ^^^^^^^^^^^^^^^^^
  File "/home/runner/workspace/.pythonlibs/lib/python3.12/site-packages/django/db/models/base.py", line 1169, in _save_table
    results = self._do_insert(
              ^^^^^^^^^^^^^^^^
  File "/home/runner/workspace/.pythonlibs/lib/python3.12/site-packages/django/db/models/base.py", line 1210, in _do_insert
    return manager._insert(
           ^^^^^^^^^^^^^^^^
  File "/home/runner/workspace/.pythonlibs/lib/python3.12/site-packages/django/db/models/manager.py", line 87, in manager_method
    return getattr(self.get_queryset(), name)(*args, **kwargs)
           ^^^^^^^^^^^^^^^^^^^^^^^^^^^^^^^^^^^^^^^^^^^^^^^^^^^
  File "/home/runner/workspace/.pythonlibs/lib/python3.12/site-packages/django/db/models/query.py", line 1868, in _insert
    return query.get_compiler(using=using).execute_sql(returning_fields)
           ^^^^^^^^^^^^^^^^^^^^^^^^^^^^^^^^^^^^^^^^^^^^^^^^^^^^^^^^^^^^^
  File "/home/runner/workspace/.pythonlibs/lib/python3.12/site-packages/django/db/models/sql/compiler.py", line 1882, in execute_sql
    cursor.execute(sql, params)
  File "/home/runner/workspace/.pythonlibs/lib/python3.12/site-packages/django/db/backends/utils.py", line 122, in execute
    return super().execute(sql, params)
           ^^^^^^^^^^^^^^^^^^^^^^^^^^^^
  File "/home/runner/workspace/.pythonlibs/lib/python3.12/site-packages/django/db/backends/utils.py", line 79, in execute
    return self._execute_with_wrappers(
           ^^^^^^^^^^^^^^^^^^^^^^^^^^^^
  File "/home/runner/workspace/.pythonlibs/lib/python3.12/site-packages/django/db/backends/utils.py", line 92, in _execute_with_wrappers
    return executor(sql, params, many, context)
           ^^^^^^^^^^^^^^^^^^^^^^^^^^^^^^^^^^^^
  File "/home/runner/workspace/.pythonlibs/lib/python3.12/site-packages/django/db/backends/utils.py", line 100, in _execute
    with self.db.wrap_database_errors:
         ^^^^^^^^^^^^^^^^^^^^^^^^^^^^
  File "/home/runner/workspace/.pythonlibs/lib/python3.12/site-packages/django/db/utils.py", line 91, in __exit__
    raise dj_exc_value.with_traceback(traceback) from exc_value
  File "/home/runner/workspace/.pythonlibs/lib/python3.12/site-packages/django/db/backends/utils.py", line 105, in _execute
    return self.cursor.execute(sql, params)
           ^^^^^^^^^^^^^^^^^^^^^^^^^^^^^^^^
  File "/home/runner/workspace/.pythonlibs/lib/python3.12/site-packages/django/db/backends/sqlite3/base.py", line 360, in execute
    return super().execute(query, params)
           ^^^^^^^^^^^^^^^^^^^^^^^^^^^^^^
django.db.utils.OperationalError: table chatbot_conversation has no column named topic_category
"GET /chat/ HTTP/1.1" 500 172189
Internal Server Error: /chat/
Traceback (most recent call last):
  File "/home/runner/workspace/.pythonlibs/lib/python3.12/site-packages/django/db/backends/utils.py", line 105, in _execute
    return self.cursor.execute(sql, params)
           ^^^^^^^^^^^^^^^^^^^^^^^^^^^^^^^^
  File "/home/runner/workspace/.pythonlibs/lib/python3.12/site-packages/django/db/backends/sqlite3/base.py", line 360, in execute
    return super().execute(query, params)
           ^^^^^^^^^^^^^^^^^^^^^^^^^^^^^^
sqlite3.OperationalError: table chatbot_conversation has no column named topic_category

The above exception was the direct cause of the following exception:

Traceback (most recent call last):
  File "/home/runner/workspace/.pythonlibs/lib/python3.12/site-packages/django/core/handlers/exception.py", line 55, in inner
    response = get_response(request)
               ^^^^^^^^^^^^^^^^^^^^^
  File "/home/runner/workspace/.pythonlibs/lib/python3.12/site-packages/django/core/handlers/base.py", line 197, in _get_response
    response = wrapped_callback(request, *callback_args, **callback_kwargs)
               ^^^^^^^^^^^^^^^^^^^^^^^^^^^^^^^^^^^^^^^^^^^^^^^^^^^^^^^^^^^^
  File "/home/runner/workspace/chatbot/views.py", line 29, in chat_view
    conversation = Conversation.objects.create(
                   ^^^^^^^^^^^^^^^^^^^^^^^^^^^^
  File "/home/runner/workspace/.pythonlibs/lib/python3.12/site-packages/django/db/models/manager.py", line 87, in manager_method
    return getattr(self.get_queryset(), name)(*args, **kwargs)
           ^^^^^^^^^^^^^^^^^^^^^^^^^^^^^^^^^^^^^^^^^^^^^^^^^^^
  File "/home/runner/workspace/.pythonlibs/lib/python3.12/site-packages/django/db/models/query.py", line 663, in create
    obj.save(force_insert=True, using=self.db)
  File "/home/runner/workspace/.pythonlibs/lib/python3.12/site-packages/django/db/models/base.py", line 902, in save
    self.save_base(
  File "/home/runner/workspace/.pythonlibs/lib/python3.12/site-packages/django/db/models/base.py", line 1008, in save_base
    updated = self._save_table(
              ^^^^^^^^^^^^^^^^^
  File "/home/runner/workspace/.pythonlibs/lib/python3.12/site-packages/django/db/models/base.py", line 1169, in _save_table
    results = self._do_insert(
              ^^^^^^^^^^^^^^^^
  File "/home/runner/workspace/.pythonlibs/lib/python3.12/site-packages/django/db/models/base.py", line 1210, in _do_insert
    return manager._insert(
           ^^^^^^^^^^^^^^^^
  File "/home/runner/workspace/.pythonlibs/lib/python3.12/site-packages/django/db/models/manager.py", line 87, in manager_method
    return getattr(self.get_queryset(), name)(*args, **kwargs)
           ^^^^^^^^^^^^^^^^^^^^^^^^^^^^^^^^^^^^^^^^^^^^^^^^^^^
  File "/home/runner/workspace/.pythonlibs/lib/python3.12/site-packages/django/db/models/query.py", line 1868, in _insert
    return query.get_compiler(using=using).execute_sql(returning_fields)
           ^^^^^^^^^^^^^^^^^^^^^^^^^^^^^^^^^^^^^^^^^^^^^^^^^^^^^^^^^^^^^
  File "/home/runner/workspace/.pythonlibs/lib/python3.12/site-packages/django/db/models/sql/compiler.py", line 1882, in execute_sql
    cursor.execute(sql, params)
  File "/home/runner/workspace/.pythonlibs/lib/python3.12/site-packages/django/db/backends/utils.py", line 122, in execute
    return super().execute(sql, params)
           ^^^^^^^^^^^^^^^^^^^^^^^^^^^^
  File "/home/runner/workspace/.pythonlibs/lib/python3.12/site-packages/django/db/backends/utils.py", line 79, in execute
    return self._execute_with_wrappers(
           ^^^^^^^^^^^^^^^^^^^^^^^^^^^^
  File "/home/runner/workspace/.pythonlibs/lib/python3.12/site-packages/django/db/backends/utils.py", line 92, in _execute_with_wrappers
    return executor(sql, params, many, context)
           ^^^^^^^^^^^^^^^^^^^^^^^^^^^^^^^^^^^^
  File "/home/runner/workspace/.pythonlibs/lib/python3.12/site-packages/django/db/backends/utils.py", line 100, in _execute
    with self.db.wrap_database_errors:
         ^^^^^^^^^^^^^^^^^^^^^^^^^^^^
  File "/home/runner/workspace/.pythonlibs/lib/python3.12/site-packages/django/db/utils.py", line 91, in __exit__
    raise dj_exc_value.with_traceback(traceback) from exc_value
  File "/home/runner/workspace/.pythonlibs/lib/python3.12/site-packages/django/db/backends/utils.py", line 105, in _execute
    return self.cursor.execute(sql, params)
           ^^^^^^^^^^^^^^^^^^^^^^^^^^^^^^^^
  File "/home/runner/workspace/.pythonlibs/lib/python3.12/site-packages/django/db/backends/sqlite3/base.py", line 360, in execute
    return super().execute(query, params)
           ^^^^^^^^^^^^^^^^^^^^^^^^^^^^^^
django.db.utils.OperationalError: table chatbot_conversation has no column named topic_category
"GET /chat/ HTTP/1.1" 500 171820
Not Found: /favicon.ico
"GET /favicon.ico HTTP/1.1" 404 5050
Watching for file changes with StatReloader
"GET / HTTP/1.1" 200 6255
"GET /static/chatbot/css/style.css HTTP/1.1" 304 0
"GET / HTTP/1.1" 200 6255
"GET /static/chatbot/css/style.css HTTP/1.1" 304 0
"GET /chat/ HTTP/1.1" 200 12431
"GET /static/chatbot/js/chat.js HTTP/1.1" 200 27240
"GET /register/ HTTP/1.1" 200 6648
"GET /login/ HTTP/1.1" 200 5849
"GET / HTTP/1.1" 200 6255
/home/runner/workspace/setup_and_run.py changed, reloading.
Watching for file changes with StatReloader
"GET / HTTP/1.1" 200 6255
"GET /static/chatbot/css/style.css HTTP/1.1" 200 4788
"GET / HTTP/1.1" 200 6255
"GET /static/chatbot/css/style.css HTTP/1.1" 200 4788
"GET /chat/ HTTP/1.1" 200 12429
"GET /static/chatbot/css/style.css HTTP/1.1" 304 0
"GET /static/chatbot/js/chat.js HTTP/1.1" 200 27262
"GET /register/ HTTP/1.1" 200 6648
"GET /static/chatbot/css/style.css HTTP/1.1" 304 0
"GET /login/ HTTP/1.1" 200 5849
"GET / HTTP/1.1" 200 6255
"GET /static/chatbot/css/style.css HTTP/1.1" 304 0
"GET /resources/ HTTP/1.1" 200 12589
"GET /static/chatbot/css/style.css HTTP/1.1" 304 0
"GET / HTTP/1.1" 200 6255
"GET /static/chatbot/css/style.css HTTP/1.1" 304 0
Internal Server Error: /program-explorer/
Traceback (most recent call last):
  File "/home/runner/workspace/.pythonlibs/lib/python3.12/site-packages/django/core/handlers/exception.py", line 55, in inner
    response = get_response(request)
               ^^^^^^^^^^^^^^^^^^^^^
  File "/home/runner/workspace/.pythonlibs/lib/python3.12/site-packages/django/core/handlers/base.py", line 197, in _get_response
    response = wrapped_callback(request, *callback_args, **callback_kwargs)
               ^^^^^^^^^^^^^^^^^^^^^^^^^^^^^^^^^^^^^^^^^^^^^^^^^^^^^^^^^^^^
  File "/home/runner/workspace/chatbot/views.py", line 165, in program_explorer
    return render(request, 'chatbot/program_explorer.html', {
           ^^^^^^^^^^^^^^^^^^^^^^^^^^^^^^^^^^^^^^^^^^^^^^^^^^
  File "/home/runner/workspace/.pythonlibs/lib/python3.12/site-packages/django/shortcuts.py", line 25, in render
    content = loader.render_to_string(template_name, context, request, using=using)
              ^^^^^^^^^^^^^^^^^^^^^^^^^^^^^^^^^^^^^^^^^^^^^^^^^^^^^^^^^^^^^^^^^^^^^
  File "/home/runner/workspace/.pythonlibs/lib/python3.12/site-packages/django/template/loader.py", line 61, in render_to_string
    template = get_template(template_name, using=using)
               ^^^^^^^^^^^^^^^^^^^^^^^^^^^^^^^^^^^^^^^^
  File "/home/runner/workspace/.pythonlibs/lib/python3.12/site-packages/django/template/loader.py", line 19, in get_template
    raise TemplateDoesNotExist(template_name, chain=chain)
django.template.exceptions.TemplateDoesNotExist: chatbot/program_explorer.html
"GET /program-explorer/ HTTP/1.1" 500 95333
/home/runner/workspace/chatbot/ai_processor.py changed, reloading.
Watching for file changes with StatReloader
"GET / HTTP/1.1" 200 6255
"GET /static/chatbot/css/style.css HTTP/1.1" 304 0
Watching for file changes with StatReloader
"GET / HTTP/1.1" 200 6255
"GET / HTTP/1.1" 200 6255
"GET /static/chatbot/css/style.css HTTP/1.1" 304 0
"GET /resources/ HTTP/1.1" 200 15755
Internal Server Error: /program-explorer/
Traceback (most recent call last):
  File "/home/runner/workspace/.pythonlibs/lib/python3.12/site-packages/django/core/handlers/exception.py", line 55, in inner
    response = get_response(request)
               ^^^^^^^^^^^^^^^^^^^^^
  File "/home/runner/workspace/.pythonlibs/lib/python3.12/site-packages/django/core/handlers/base.py", line 197, in _get_response
    response = wrapped_callback(request, *callback_args, **callback_kwargs)
               ^^^^^^^^^^^^^^^^^^^^^^^^^^^^^^^^^^^^^^^^^^^^^^^^^^^^^^^^^^^^
  File "/home/runner/workspace/chatbot/views.py", line 165, in program_explorer
    return render(request, 'chatbot/program_explorer.html', {
           ^^^^^^^^^^^^^^^^^^^^^^^^^^^^^^^^^^^^^^^^^^^^^^^^^^
  File "/home/runner/workspace/.pythonlibs/lib/python3.12/site-packages/django/shortcuts.py", line 25, in render
    content = loader.render_to_string(template_name, context, request, using=using)
              ^^^^^^^^^^^^^^^^^^^^^^^^^^^^^^^^^^^^^^^^^^^^^^^^^^^^^^^^^^^^^^^^^^^^^
  File "/home/runner/workspace/.pythonlibs/lib/python3.12/site-packages/django/template/loader.py", line 61, in render_to_string
    template = get_template(template_name, using=using)
               ^^^^^^^^^^^^^^^^^^^^^^^^^^^^^^^^^^^^^^^^
  File "/home/runner/workspace/.pythonlibs/lib/python3.12/site-packages/django/template/loader.py", line 19, in get_template
    raise TemplateDoesNotExist(template_name, chain=chain)
django.template.exceptions.TemplateDoesNotExist: chatbot/program_explorer.html
"GET /program-explorer/ HTTP/1.1" 500 97534
"GET /chat/ HTTP/1.1" 200 12429
"GET /static/chatbot/css/style.css HTTP/1.1" 304 0
"GET /static/chatbot/js/chat.js HTTP/1.1" 200 30768
"GET /chat/ HTTP/1.1" 200 12429
"GET /static/chatbot/css/style.css HTTP/1.1" 304 0
"GET /static/chatbot/js/chat.js HTTP/1.1" 200 30768
Not Found: /chat/process_message/
"POST /chat/process_message/ HTTP/1.1" 404 5081
Not Found: /chat/process_message/
"POST /chat/process_message/ HTTP/1.1" 404 5081
"GET / HTTP/1.1" 200 6255
"GET /static/chatbot/css/style.css HTTP/1.1" 304 0
Internal Server Error: /program-explorer/
Traceback (most recent call last):
  File "/home/runner/workspace/.pythonlibs/lib/python3.12/site-packages/django/core/handlers/exception.py", line 55, in inner
    response = get_response(request)
               ^^^^^^^^^^^^^^^^^^^^^
  File "/home/runner/workspace/.pythonlibs/lib/python3.12/site-packages/django/core/handlers/base.py", line 197, in _get_response
    response = wrapped_callback(request, *callback_args, **callback_kwargs)
               ^^^^^^^^^^^^^^^^^^^^^^^^^^^^^^^^^^^^^^^^^^^^^^^^^^^^^^^^^^^^
  File "/home/runner/workspace/chatbot/views.py", line 165, in program_explorer
    return render(request, 'chatbot/program_explorer.html', {
           ^^^^^^^^^^^^^^^^^^^^^^^^^^^^^^^^^^^^^^^^^^^^^^^^^^
  File "/home/runner/workspace/.pythonlibs/lib/python3.12/site-packages/django/shortcuts.py", line 25, in render
    content = loader.render_to_string(template_name, context, request, using=using)
              ^^^^^^^^^^^^^^^^^^^^^^^^^^^^^^^^^^^^^^^^^^^^^^^^^^^^^^^^^^^^^^^^^^^^^
  File "/home/runner/workspace/.pythonlibs/lib/python3.12/site-packages/django/template/loader.py", line 61, in render_to_string
    template = get_template(template_name, using=using)
               ^^^^^^^^^^^^^^^^^^^^^^^^^^^^^^^^^^^^^^^^
  File "/home/runner/workspace/.pythonlibs/lib/python3.12/site-packages/django/template/loader.py", line 19, in get_template
    raise TemplateDoesNotExist(template_name, chain=chain)
django.template.exceptions.TemplateDoesNotExist: chatbot/program_explorer.html
"GET /program-explorer/ HTTP/1.1" 500 97687
"GET /clear-chat/ HTTP/1.1" 302 0
"GET /chat/ HTTP/1.1" 200 12429
"GET /static/chatbot/css/style.css HTTP/1.1" 304 0
"GET /static/chatbot/js/chat.js HTTP/1.1" 304 0
/home/runner/workspace/chatbot/ai_processor.py changed, reloading.
Watching for file changes with StatReloader
Watching for file changes with StatReloader
Watching for file changes with StatReloader
/home/runner/workspace/chatbot/ai_processor.py changed, reloading.
Watching for file changes with StatReloader
"GET / HTTP/1.1" 200 6255
"GET /static/chatbot/css/style.css HTTP/1.1" 304 0
Watching for file changes with StatReloader
"GET / HTTP/1.1" 200 6255
"GET / HTTP/1.1" 200 6255
"GET /static/chatbot/css/style.css HTTP/1.1" 304 0
"GET /resources/ HTTP/1.1" 200 15755
"GET /chat/ HTTP/1.1" 200 13161
"GET /static/chatbot/js/chat.js HTTP/1.1" 304 0
"GET /register/ HTTP/1.1" 200 6648
"GET /login/ HTTP/1.1" 200 5849
"GET / HTTP/1.1" 200 6255
"GET /program-explorer/ HTTP/1.1" 200 17355
"GET /resources/ HTTP/1.1" 200 15755
"GET /static/chatbot/css/style.css HTTP/1.1" 304 0
"GET /chat/ HTTP/1.1" 200 13161
"GET /static/chatbot/js/chat.js HTTP/1.1" 304 0
Not Found: /chat/process_message/
"POST /chat/process_message/ HTTP/1.1" 404 5081
Not Found: /chat/process_message/
"POST /chat/process_message/ HTTP/1.1" 404 5081
"GET /chat/ HTTP/1.1" 200 13161
Not Found: /chat/process_message/
"POST /chat/process_message/ HTTP/1.1" 404 5081
"GET /chat/ HTTP/1.1" 200 13161
"GET /static/chatbot/css/style.css HTTP/1.1" 304 0
"GET /static/chatbot/js/chat.js HTTP/1.1" 304 0
"GET / HTTP/1.1" 200 6255
"GET /program-explorer/ HTTP/1.1" 200 17355
/home/runner/workspace/chatbot/ai_processor.py changed, reloading.
Watching for file changes with StatReloader
"GET / HTTP/1.1" 200 6255
"GET /static/chatbot/css/style.css HTTP/1.1" 200 5378
Watching for file changes with StatReloader
"GET / HTTP/1.1" 200 6255
"GET /static/chatbot/css/style.css HTTP/1.1" 304 0
"GET / HTTP/1.1" 200 6255
"GET /static/chatbot/css/style.css HTTP/1.1" 200 5378
"GET /program-explorer/ HTTP/1.1" 200 19105
"GET /static/chatbot/css/style.css HTTP/1.1" 304 0
"GET /chat/ HTTP/1.1" 200 14805
"GET /static/chatbot/css/style.css HTTP/1.1" 304 0
"GET /static/chatbot/js/chat.js HTTP/1.1" 200 11128
Not Found: /chat/process/
"POST /chat/process/ HTTP/1.1" 404 5057
Not Found: /chat/process/
"POST /chat/process/ HTTP/1.1" 404 5057
Not Found: /chat/process/
"POST /chat/process/ HTTP/1.1" 404 5057
Not Found: /chat/process/
"POST /chat/process/ HTTP/1.1" 404 5057
Not Found: /chat/process/
"POST /chat/process/ HTTP/1.1" 404 5057
Not Found: /chat/clear/
"GET /chat/clear/ HTTP/1.1" 404 5050
Not Found: /chat/clear/
"GET /chat/clear/ HTTP/1.1" 404 5050
"GET /register/ HTTP/1.1" 200 6648
"GET /static/chatbot/css/style.css HTTP/1.1" 304 0
"GET /chat/ HTTP/1.1" 200 14805
"GET /static/chatbot/js/chat.js HTTP/1.1" 200 11128
Not Found: /chat/process/
"POST /chat/process/ HTTP/1.1" 404 5057
Not Found: /chat/process/
"POST /chat/process/ HTTP/1.1" 404 5057
/home/runner/workspace/chatbot/views.py changed, reloading.
Watching for file changes with StatReloader
"GET / HTTP/1.1" 200 6255
"GET /static/chatbot/css/style.css HTTP/1.1" 304 0
Watching for file changes with StatReloader
"GET / HTTP/1.1" 200 6255
"GET / HTTP/1.1" 200 6255
"GET /static/chatbot/css/style.css HTTP/1.1" 304 0
"GET /program-explorer/ HTTP/1.1" 200 19105
"GET /chat/ HTTP/1.1" 200 14905
"GET /chat/ HTTP/1.1" 200 14905
"GET /static/chatbot/js/chat.js HTTP/1.1" 200 12490
Not Found: /chat/process/
"POST /chat/process/ HTTP/1.1" 404 5057
Not Found: /chat/process/
"POST /chat/process/ HTTP/1.1" 404 5057
Not Found: /chat/process/
"POST /chat/process/ HTTP/1.1" 404 5057
Not Found: /chat/process/
"POST /chat/process/ HTTP/1.1" 404 5057
Not Found: /chat/process/
"POST /chat/process/ HTTP/1.1" 404 5057
"GET /chat/ HTTP/1.1" 200 14905
"GET /static/chatbot/css/style.css HTTP/1.1" 304 0
"GET /static/chatbot/js/chat.js HTTP/1.1" 200 12490
Not Found: /chat/process/
"POST /chat/process/ HTTP/1.1" 404 5057
Watching for file changes with StatReloader
"GET / HTTP/1.1" 200 6255
"GET /static/chatbot/css/style.css HTTP/1.1" 304 0
"GET / HTTP/1.1" 200 6255
"GET /static/chatbot/css/style.css HTTP/1.1" 304 0
"GET /chat/ HTTP/1.1" 200 14905
"GET /static/chatbot/js/chat.js HTTP/1.1" 200 12448
"POST /process-message/ HTTP/1.1" 200 990
"POST /process-message/ HTTP/1.1" 200 282
"POST /process-message/ HTTP/1.1" 200 775
"POST /process-message/ HTTP/1.1" 200 312
"POST /process-message/ HTTP/1.1" 200 252
Watching for file changes with StatReloader
"GET / HTTP/1.1" 200 6255
"GET /static/chatbot/css/style.css HTTP/1.1" 304 0
"GET /chat/ HTTP/1.1" 200 22177
"GET /static/chatbot/js/chat.js HTTP/1.1" 304 0
"POST /process-message/ HTTP/1.1" 200 800
"POST /process-message/ HTTP/1.1" 200 991
"POST /process-message/ HTTP/1.1" 200 991
"POST /process-message/ HTTP/1.1" 200 251
"POST /process-message/ HTTP/1.1" 200 253
Watching for file changes with StatReloader
"GET / HTTP/1.1" 200 6255
"GET /static/chatbot/css/style.css HTTP/1.1" 304 0
"GET / HTTP/1.1" 200 6255
"GET /static/chatbot/css/style.css HTTP/1.1" 304 0
"GET /chat/ HTTP/1.1" 200 31110
"GET /static/chatbot/js/chat.js HTTP/1.1" 304 0
"POST /process-message/ HTTP/1.1" 200 991
"POST /process-message/ HTTP/1.1" 200 259
Not Found: /chat/clear/
"GET /chat/clear/ HTTP/1.1" 404 5050
"POST /process-message/ HTTP/1.1" 200 800
/home/runner/workspace/chatbot/views.py changed, reloading.
Watching for file changes with StatReloader
"GET / HTTP/1.1" 200 6255
"GET /static/chatbot/css/style.css HTTP/1.1" 304 0
"GET / HTTP/1.1" 200 6255
"GET /static/chatbot/css/style.css HTTP/1.1" 304 0
"GET /chat/ HTTP/1.1" 200 36569
"GET /static/chatbot/js/chat.js HTTP/1.1" 200 12471
"GET /chat/clear/ HTTP/1.1" 302 0
"GET /chat/ HTTP/1.1" 200 14905
"GET /static/chatbot/js/chat.js HTTP/1.1" 304 0
"POST /process-message/ HTTP/1.1" 200 800
"POST /process-message/ HTTP/1.1" 200 251
"POST /process-message/ HTTP/1.1" 200 991
"POST /process-message/ HTTP/1.1" 200 251
"POST /process-message/ HTTP/1.1" 200 252
"POST /process-message/ HTTP/1.1" 200 777
"POST /process-message/ HTTP/1.1" 200 746
"GET / HTTP/1.1" 200 6255
"GET /static/chatbot/css/style.css HTTP/1.1" 304 0
"GET /program-explorer/ HTTP/1.1" 200 19105
"GET /chat/ HTTP/1.1" 200 25911
"GET /static/chatbot/js/chat.js HTTP/1.1" 304 0
"GET /chat/clear/ HTTP/1.1" 302 0
"GET /chat/ HTTP/1.1" 200 14905
"POST /process-message/ HTTP/1.1" 200 271
"POST /process-message/ HTTP/1.1" 200 259
"GET /login/ HTTP/1.1" 200 5849
"GET /register/ HTTP/1.1" 200 6648
"GET / HTTP/1.1" 200 6255
"GET /chat/ HTTP/1.1" 200 16734
"GET /static/chatbot/js/chat.js HTTP/1.1" 304 0
"GET / HTTP/1.1" 200 6255
"GET /resources/ HTTP/1.1" 200 15755
"GET /static/chatbot/css/style.css HTTP/1.1" 304 0
"GET / HTTP/1.1" 200 6255
"GET /program-explorer/ HTTP/1.1" 200 19105
"GET /resources/ HTTP/1.1" 200 15755
"GET /chat/ HTTP/1.1" 200 16734
"GET /static/chatbot/css/style.css HTTP/1.1" 304 0
"GET /static/chatbot/js/chat.js HTTP/1.1" 304 0
"GET /register/ HTTP/1.1" 200 6648
"GET /login/ HTTP/1.1" 200 5849
"GET /chat/ HTTP/1.1" 200 16734
"GET / HTTP/1.1" 200 6255
"GET /program-explorer/ HTTP/1.1" 200 19105
/home/runner/workspace/chatbot/urls.py changed, reloading.
Watching for file changes with StatReloader
Watching for file changes with StatReloader
Internal Server Error: /
Traceback (most recent call last):
  File "/home/runner/workspace/.pythonlibs/lib/python3.12/site-packages/django/template/base.py", line 510, in parse
    compile_func = self.tags[command]
                   ~~~~~~~~~^^^^^^^^^
KeyError: 'static'

During handling of the above exception, another exception occurred:

Traceback (most recent call last):
  File "/home/runner/workspace/.pythonlibs/lib/python3.12/site-packages/django/core/handlers/exception.py", line 55, in inner
    response = get_response(request)
               ^^^^^^^^^^^^^^^^^^^^^
  File "/home/runner/workspace/.pythonlibs/lib/python3.12/site-packages/django/core/handlers/base.py", line 197, in _get_response
    response = wrapped_callback(request, *callback_args, **callback_kwargs)
               ^^^^^^^^^^^^^^^^^^^^^^^^^^^^^^^^^^^^^^^^^^^^^^^^^^^^^^^^^^^^
  File "/home/runner/workspace/chatbot/views.py", line 15, in index
    return render(request, 'index.html')
           ^^^^^^^^^^^^^^^^^^^^^^^^^^^^^
  File "/home/runner/workspace/.pythonlibs/lib/python3.12/site-packages/django/shortcuts.py", line 25, in render
    content = loader.render_to_string(template_name, context, request, using=using)
              ^^^^^^^^^^^^^^^^^^^^^^^^^^^^^^^^^^^^^^^^^^^^^^^^^^^^^^^^^^^^^^^^^^^^^
  File "/home/runner/workspace/.pythonlibs/lib/python3.12/site-packages/django/template/loader.py", line 62, in render_to_string
    return template.render(context, request)
           ^^^^^^^^^^^^^^^^^^^^^^^^^^^^^^^^^
  File "/home/runner/workspace/.pythonlibs/lib/python3.12/site-packages/django/template/backends/django.py", line 107, in render
    return self.template.render(context)
           ^^^^^^^^^^^^^^^^^^^^^^^^^^^^^
  File "/home/runner/workspace/.pythonlibs/lib/python3.12/site-packages/django/template/base.py", line 171, in render
    return self._render(context)
           ^^^^^^^^^^^^^^^^^^^^^
  File "/home/runner/workspace/.pythonlibs/lib/python3.12/site-packages/django/template/base.py", line 163, in _render
    return self.nodelist.render(context)
           ^^^^^^^^^^^^^^^^^^^^^^^^^^^^^
  File "/home/runner/workspace/.pythonlibs/lib/python3.12/site-packages/django/template/base.py", line 1016, in render
    return SafeString("".join([node.render_annotated(context) for node in self]))
                               ^^^^^^^^^^^^^^^^^^^^^^^^^^^^^^
  File "/home/runner/workspace/.pythonlibs/lib/python3.12/site-packages/django/template/base.py", line 977, in render_annotated
    return self.render(context)
           ^^^^^^^^^^^^^^^^^^^^
  File "/home/runner/workspace/.pythonlibs/lib/python3.12/site-packages/django/template/loader_tags.py", line 134, in render
    compiled_parent = self.get_parent(context)
                      ^^^^^^^^^^^^^^^^^^^^^^^^
  File "/home/runner/workspace/.pythonlibs/lib/python3.12/site-packages/django/template/loader_tags.py", line 131, in get_parent
    return self.find_template(parent, context)
           ^^^^^^^^^^^^^^^^^^^^^^^^^^^^^^^^^^^
  File "/home/runner/workspace/.pythonlibs/lib/python3.12/site-packages/django/template/loader_tags.py", line 109, in find_template
    template, origin = context.template.engine.find_template(
                       ^^^^^^^^^^^^^^^^^^^^^^^^^^^^^^^^^^^^^^
  File "/home/runner/workspace/.pythonlibs/lib/python3.12/site-packages/django/template/engine.py", line 159, in find_template
    template = loader.get_template(name, skip=skip)
               ^^^^^^^^^^^^^^^^^^^^^^^^^^^^^^^^^^^^
  File "/home/runner/workspace/.pythonlibs/lib/python3.12/site-packages/django/template/loaders/cached.py", line 57, in get_template
    template = super().get_template(template_name, skip)
               ^^^^^^^^^^^^^^^^^^^^^^^^^^^^^^^^^^^^^^^^^
  File "/home/runner/workspace/.pythonlibs/lib/python3.12/site-packages/django/template/loaders/base.py", line 28, in get_template
    return Template(
           ^^^^^^^^^
  File "/home/runner/workspace/.pythonlibs/lib/python3.12/site-packages/django/template/base.py", line 154, in __init__
    self.nodelist = self.compile_nodelist()
                    ^^^^^^^^^^^^^^^^^^^^^^^
  File "/home/runner/workspace/.pythonlibs/lib/python3.12/site-packages/django/template/base.py", line 196, in compile_nodelist
    nodelist = parser.parse()
               ^^^^^^^^^^^^^^
  File "/home/runner/workspace/.pythonlibs/lib/python3.12/site-packages/django/template/base.py", line 512, in parse
    self.invalid_block_tag(token, command, parse_until)
  File "/home/runner/workspace/.pythonlibs/lib/python3.12/site-packages/django/template/base.py", line 577, in invalid_block_tag
    raise self.error(
django.template.exceptions.TemplateSyntaxError: Invalid block tag on line 9: 'static'. Did you forget to register or load this tag?
"GET / HTTP/1.1" 500 189385
Watching for file changes with StatReloader
"GET / HTTP/1.1" 200 8551
"GET /static/chatbot/css/style.css HTTP/1.1" 200 9264
"GET / HTTP/1.1" 200 8551
"GET /static/chatbot/css/style.css HTTP/1.1" 200 9264
"GET /chat/ HTTP/1.1" 200 15974
"GET /static/chatbot/css/style.css HTTP/1.1" 304 0
"GET /static/chatbot/js/chat.js HTTP/1.1" 200 12468
"GET /chat/clear/ HTTP/1.1" 302 0
"GET /chat/ HTTP/1.1" 200 14145
"GET /static/chatbot/css/style.css HTTP/1.1" 304 0
"GET /static/chatbot/js/chat.js HTTP/1.1" 304 0
Not Found: /chat/process/
"POST /chat/process/ HTTP/1.1" 404 4019
"GET /program-explorer/ HTTP/1.1" 200 19105
"GET /static/chatbot/css/style.css HTTP/1.1" 304 0
"GET /resources/ HTTP/1.1" 200 14995
"GET /static/chatbot/css/style.css HTTP/1.1" 304 0
"GET / HTTP/1.1" 200 8551
"GET /program-explorer/ HTTP/1.1" 200 19105
"GET /static/chatbot/css/style.css HTTP/1.1" 304 0
"GET /chat/ HTTP/1.1" 200 14145
"GET /static/chatbot/js/chat.js HTTP/1.1" 304 0
Not Found: /chat/process/
"POST /chat/process/ HTTP/1.1" 404 4019
"GET /resources/ HTTP/1.1" 200 14995
"GET /static/chatbot/css/style.css HTTP/1.1" 304 0
"GET / HTTP/1.1" 200 8551
"GET /chat/ HTTP/1.1" 200 14145
"GET /static/chatbot/css/style.css HTTP/1.1" 304 0
"GET /static/chatbot/js/chat.js HTTP/1.1" 304 0
Watching for file changes with StatReloader
"GET / HTTP/1.1" 200 8551
"GET /static/chatbot/css/style.css HTTP/1.1" 200 9316
"GET / HTTP/1.1" 200 8551
"GET /static/chatbot/css/style.css HTTP/1.1" 200 9316
"GET /chat/ HTTP/1.1" 200 14145
"GET /static/chatbot/css/style.css HTTP/1.1" 304 0
"GET /static/chatbot/js/chat.js HTTP/1.1" 200 12471
"POST /process-message/ HTTP/1.1" 200 800
"GET /chat/clear/ HTTP/1.1" 302 0
"GET /chat/ HTTP/1.1" 200 14145
"GET /static/chatbot/css/style.css HTTP/1.1" 304 0
"GET /static/chatbot/js/chat.js HTTP/1.1" 304 0
"POST /process-message/ HTTP/1.1" 200 776
Watching for file changes with StatReloader
"GET / HTTP/1.1" 200 8551
"GET /static/chatbot/css/style.css HTTP/1.1" 200 8969
"GET /chat/ HTTP/1.1" 200 15029
"GET /static/chatbot/css/style.css HTTP/1.1" 304 0
"GET /static/chatbot/js/chat.js HTTP/1.1" 304 0
"GET /chat/ HTTP/1.1" 200 15029
"GET /static/chatbot/css/style.css HTTP/1.1" 200 8969
"GET /static/chatbot/js/chat.js HTTP/1.1" 304 0
"GET /chat/clear/ HTTP/1.1" 302 0
"GET /chat/ HTTP/1.1" 200 14145
"GET /static/chatbot/css/style.css HTTP/1.1" 304 0
"POST /process-message/ HTTP/1.1" 200 283
"POST /process-message/ HTTP/1.1" 200 259
"GET /chat/ HTTP/1.1" 200 15942
"GET /static/chatbot/css/style.css HTTP/1.1" 304 0
"GET /static/chatbot/js/chat.js HTTP/1.1" 304 0
"GET / HTTP/1.1" 200 8551
/home/runner/workspace/chatbot/ai_processor.py changed, reloading.
Watching for file changes with StatReloader
Watching for file changes with StatReloader
"GET / HTTP/1.1" 200 8551
"GET /static/chatbot/css/style.css HTTP/1.1" 200 9023
"GET / HTTP/1.1" 200 8551
"GET /static/chatbot/css/style.css HTTP/1.1" 200 9023
"GET /chat/ HTTP/1.1" 200 15942
"GET /static/chatbot/css/style.css HTTP/1.1" 304 0
"GET /static/chatbot/js/chat.js HTTP/1.1" 304 0
"GET /chat/clear/ HTTP/1.1" 302 0
"GET /chat/ HTTP/1.1" 200 14145
"GET /static/chatbot/css/style.css HTTP/1.1" 304 0
"POST /process-message/ HTTP/1.1" 200 1178
Internal Server Error: /process-message/
"POST /process-message/ HTTP/1.1" 500 54
"POST /process-message/ HTTP/1.1" 200 901
Watching for file changes with StatReloader
"GET / HTTP/1.1" 200 8551
"GET /static/chatbot/css/style.css HTTP/1.1" 200 8708
"GET / HTTP/1.1" 200 8551
"GET /static/chatbot/css/style.css HTTP/1.1" 200 8708
"GET /chat/ HTTP/1.1" 200 18576
"GET /static/chatbot/css/style.css HTTP/1.1" 304 0
"GET /static/chatbot/js/chat.js HTTP/1.1" 200 13023
"POST /process-message/ HTTP/1.1" 200 942
"GET /chat/clear/ HTTP/1.1" 302 0
"GET /chat/ HTTP/1.1" 200 14644
"GET /static/chatbot/css/style.css HTTP/1.1" 304 0
"GET /static/chatbot/js/chat.js HTTP/1.1" 304 0
"GET /program-explorer/ HTTP/1.1" 200 19105
"GET /static/chatbot/css/style.css HTTP/1.1" 304 0
"GET /resources/ HTTP/1.1" 200 14995
"GET /static/chatbot/css/style.css HTTP/1.1" 304 0
"GET /chat/ HTTP/1.1" 200 14644
"GET /static/chatbot/js/chat.js HTTP/1.1" 304 0
"POST /process-message/ HTTP/1.1" 200 1187
"POST /process-message/ HTTP/1.1" 200 1169
"POST /process-message/ HTTP/1.1" 200 901
Watching for file changes with StatReloader
"GET / HTTP/1.1" 200 8551
"GET /static/chatbot/css/style.css HTTP/1.1" 304 0
"POST /process-message/ HTTP/1.1" 200 901
"POST /process-message/ HTTP/1.1" 200 1174
Watching for file changes with StatReloader
"GET / HTTP/1.1" 200 8551
"GET /static/chatbot/css/style.css HTTP/1.1" 304 0
Watching for file changes with StatReloader
"GET / HTTP/1.1" 200 8551
"GET /static/chatbot/css/style.css HTTP/1.1" 200 8708
Not Found: /favicon.ico
"GET /favicon.ico HTTP/1.1" 404 3957
"GET /chat/ HTTP/1.1" 200 14644
"GET /static/chatbot/js/chat.js HTTP/1.1" 200 13023
"POST /process-message/ HTTP/1.1" 200 851
"POST /process-message/ HTTP/1.1" 200 901
"GET /admin HTTP/1.1" 301 0
"GET /admin/ HTTP/1.1" 302 0
"GET /admin/login/?next=/admin/ HTTP/1.1" 200 4173
"GET /static/admin/css/base.css HTTP/1.1" 200 22120
"GET /static/admin/css/dark_mode.css HTTP/1.1" 200 2808
"GET /static/admin/js/theme.js HTTP/1.1" 200 1653
"GET /static/admin/css/login.css HTTP/1.1" 200 951
"GET /static/admin/css/responsive.css HTTP/1.1" 200 16565
"GET /static/admin/css/nav_sidebar.css HTTP/1.1" 200 2810
"GET /static/admin/js/nav_sidebar.js HTTP/1.1" 200 3063
"POST /admin/login/?next=/admin/ HTTP/1.1" 302 0
"GET /admin/ HTTP/1.1" 200 11135
"GET /static/admin/css/dashboard.css HTTP/1.1" 200 441
"GET /static/admin/img/icon-addlink.svg HTTP/1.1" 200 331
"GET /static/admin/img/icon-changelink.svg HTTP/1.1" 200 380
"GET /admin/chatbot/admissionresource/ HTTP/1.1" 200 17219
"GET /static/admin/css/changelists.css HTTP/1.1" 200 6878
"GET /static/admin/js/jquery.init.js HTTP/1.1" 200 347
"GET /static/admin/js/core.js HTTP/1.1" 200 6208
"GET /static/admin/js/admin/RelatedObjectLookups.js HTTP/1.1" 200 9777
"GET /admin/jsi18n/ HTTP/1.1" 200 3342
"GET /static/admin/js/actions.js HTTP/1.1" 200 8076
"GET /static/admin/js/urlify.js HTTP/1.1" 200 7887
"GET /static/admin/js/prepopulate.js HTTP/1.1" 200 1531
"GET /static/admin/js/vendor/jquery/jquery.js HTTP/1.1" 200 285314
"GET /static/admin/img/icon-yes.svg HTTP/1.1" 200 436
"GET /static/admin/img/search.svg HTTP/1.1" 200 458
"GET /static/admin/js/filters.js HTTP/1.1" 200 978
"GET /static/admin/js/vendor/xregexp/xregexp.js HTTP/1.1" 200 325171
"GET /static/admin/img/tooltag-add.svg HTTP/1.1" 200 331
"GET /static/admin/img/icon-viewlink.svg HTTP/1.1" 200 581
"GET /admin/chatbot/message/ HTTP/1.1" 200 51835
"GET /admin/jsi18n/ HTTP/1.1" 200 3342
"GET /static/admin/img/sorting-icons.svg HTTP/1.1" 200 1097
"GET /admin/chatbot/conversation/ HTTP/1.1" 200 20483
"GET /static/admin/img/icon-no.svg HTTP/1.1" 200 560
"GET /admin/jsi18n/ HTTP/1.1" 200 3342
"GET /admin/chatbot/message/ HTTP/1.1" 200 51835
"GET /admin/jsi18n/ HTTP/1.1" 200 3342
"GET /admin/chatbot/universityprogram/ HTTP/1.1" 200 18322
"GET /static/admin/css/nav_sidebar.css HTTP/1.1" 304 0
"GET /static/admin/css/base.css HTTP/1.1" 304 0
"GET /static/admin/css/responsive.css HTTP/1.1" 304 0
"GET /static/admin/js/theme.js HTTP/1.1" 304 0
"GET /static/admin/css/dark_mode.css HTTP/1.1" 304 0
"GET /static/admin/js/nav_sidebar.js HTTP/1.1" 304 0
"GET /admin/jsi18n/ HTTP/1.1" 200 3342
"GET /admin/chatbot/universityprogram/5/change/ HTTP/1.1" 200 17483
"GET /static/admin/js/prepopulate_init.js HTTP/1.1" 200 586
"GET /static/admin/css/forms.css HTTP/1.1" 200 8525
"GET /admin/jsi18n/ HTTP/1.1" 200 3342
"GET /static/admin/js/change_form.js HTTP/1.1" 200 606
"GET /static/admin/css/widgets.css HTTP/1.1" 200 11991
"GET /admin/chatbot/studentcampaign/ HTTP/1.1" 200 17543
"GET /admin/jsi18n/ HTTP/1.1" 200 3342
"GET /admin/chatbot/universityprogram/ HTTP/1.1" 200 18322
"GET /static/admin/css/changelists.css HTTP/1.1" 304 0
"GET /static/admin/js/admin/RelatedObjectLookups.js HTTP/1.1" 304 0
"GET /static/admin/js/core.js HTTP/1.1" 304 0
"GET /static/admin/js/jquery.init.js HTTP/1.1" 304 0
"GET /static/admin/js/vendor/jquery/jquery.js HTTP/1.1" 304 0
"GET /static/admin/js/actions.js HTTP/1.1" 304 0
"GET /static/admin/js/prepopulate.js HTTP/1.1" 304 0
"GET /static/admin/js/urlify.js HTTP/1.1" 304 0
"GET /static/admin/js/vendor/xregexp/xregexp.js HTTP/1.1" 304 0
"GET /static/admin/img/search.svg HTTP/1.1" 304 0
"GET /static/admin/js/filters.js HTTP/1.1" 304 0
"GET /admin/jsi18n/ HTTP/1.1" 200 3342
"GET /admin/chatbot/userprofile/ HTTP/1.1" 200 15661
"GET /admin/jsi18n/ HTTP/1.1" 200 3342
"GET /admin/chatbot/userprofile/1/change/ HTTP/1.1" 200 16152
"GET /static/admin/img/icon-changelink.svg HTTP/1.1" 304 0
"GET /static/admin/img/icon-addlink.svg HTTP/1.1" 304 0
"GET /admin/jsi18n/ HTTP/1.1" 200 3342
"GET /static/admin/img/icon-viewlink.svg HTTP/1.1" 304 0
"GET /admin/chatbot/ HTTP/1.1" 200 9487
"GET /static/admin/css/dashboard.css HTTP/1.1" 304 0
"GET /admin/ HTTP/1.1" 200 11135
"GET / HTTP/1.1" 200 8551
"GET /static/chatbot/css/style.css HTTP/1.1" 304 0
"GET /program-explorer/ HTTP/1.1" 200 19105
"GET /resources/ HTTP/1.1" 200 14995
Watching for file changes with StatReloader
"GET / HTTP/1.1" 200 8551
"GET /static/chatbot/css/style.css HTTP/1.1" 200 8708
"GET / HTTP/1.1" 200 8551
"GET /static/chatbot/css/style.css HTTP/1.1" 304 0
"GET / HTTP/1.1" 200 8551
/home/runner/workspace/chatbot/ai_processor.py changed, reloading.
Watching for file changes with StatReloader
Watching for file changes with StatReloader
"GET / HTTP/1.1" 200 19908
"GET / HTTP/1.1" 200 19908
"GET /static/chatbot/css/style.css HTTP/1.1" 200 11356
Not Found: /favicon.ico
"GET /favicon.ico HTTP/1.1" 404 4013
"GET /chat/ HTTP/1.1" 200 14644
"GET /static/chatbot/css/style.css HTTP/1.1" 304 0
"GET /static/chatbot/js/chat.js HTTP/1.1" 200 13023
"POST /process-message/ HTTP/1.1" 200 1272
"GET /program-explorer/ HTTP/1.1" 200 21000
"GET /static/chatbot/css/style.css HTTP/1.1" 304 0
"GET /resources/ HTTP/1.1" 200 14995
"GET /static/chatbot/css/style.css HTTP/1.1" 304 0
"GET / HTTP/1.1" 200 19908
"GET /chat/ HTTP/1.1" 200 16018
"GET /static/chatbot/css/style.css HTTP/1.1" 304 0
"POST /process-message/ HTTP/1.1" 200 835
"GET / HTTP/1.1" 200 19908
"GET /static/chatbot/css/style.css HTTP/1.1" 304 0
"GET /chat/ HTTP/1.1" 200 17940
"GET /static/chatbot/css/style.css HTTP/1.1" 304 0
"GET /static/chatbot/js/chat.js HTTP/1.1" 304 0
"POST /process-message/ HTTP/1.1" 200 239
"POST /process-message/ HTTP/1.1" 200 244
"POST /process-message/ HTTP/1.1" 200 835
"GET / HTTP/1.1" 200 27834
"GET /static/chatbot/css/style.css HTTP/1.1" 200 11356
"GET / HTTP/1.1" 200 27659
"GET /static/chatbot/css/style.css HTTP/1.1" 304 0
"GET / HTTP/1.1" 200 27659
"GET /static/chatbot/css/style.css HTTP/1.1" 304 0
"GET / HTTP/1.1" 200 27698
"GET / HTTP/1.1" 200 27698
"GET / HTTP/1.1" 200 27698
"GET /chat/ HTTP/1.1" 200 22613
"GET /static/chatbot/css/style.css HTTP/1.1" 304 0
"GET /static/chatbot/js/chat.js HTTP/1.1" 304 0
/home/runner/workspace/chatbot/ai_processor.py changed, reloading.
Watching for file changes with StatReloader
Watching for file changes with StatReloader
"GET / HTTP/1.1" 200 27698
"GET /chat/ HTTP/1.1" 200 22613
"GET /static/chatbot/css/style.css HTTP/1.1" 200 11424
"POST /process-message/ HTTP/1.1" 200 245
"GET / HTTP/1.1" 200 27698
"GET /static/chatbot/css/style.css HTTP/1.1" 304 0
"GET / HTTP/1.1" 200 27698
"GET /static/chatbot/css/style.css HTTP/1.1" 304 0
"GET /chat/ HTTP/1.1" 200 24028
"GET /static/chatbot/js/chat.js HTTP/1.1" 304 0
"POST /process-message/ HTTP/1.1" 200 226
"GET /chat/ HTTP/1.1" 200 25419
"GET /static/chatbot/css/style.css HTTP/1.1" 304 0
Watching for file changes with StatReloader
"GET / HTTP/1.1" 200 27698
"GET /static/chatbot/css/style.css HTTP/1.1" 200 13347
"GET / HTTP/1.1" 200 27698
"GET /static/chatbot/css/style.css HTTP/1.1" 200 13347
"GET /chat/ HTTP/1.1" 200 27198
"GET /static/chatbot/css/style.css HTTP/1.1" 304 0
"GET /static/chatbot/js/chat.js HTTP/1.1" 200 13229
"POST /process-message/ HTTP/1.1" 200 1272
"POST /process-message/ HTTP/1.1" 200 2595
"GET /chat/clear/ HTTP/1.1" 302 0
"GET /chat/ HTTP/1.1" 200 16423
"GET /static/chatbot/css/style.css HTTP/1.1" 304 0
"GET /static/chatbot/js/chat.js HTTP/1.1" 304 0
"POST /process-message/ HTTP/1.1" 200 835
/home/runner/workspace/chatbot/ai_processor.py changed, reloading.
Watching for file changes with StatReloader
"GET / HTTP/1.1" 200 27698
"GET /static/chatbot/css/style.css HTTP/1.1" 200 13731
Watching for file changes with StatReloader
"GET / HTTP/1.1" 200 27698
"GET /static/chatbot/css/style.css HTTP/1.1" 304 0
"GET / HTTP/1.1" 200 27698
"GET /static/chatbot/css/style.css HTTP/1.1" 200 13731
"GET /chat/ HTTP/1.1" 200 17812
"GET /static/chatbot/css/style.css HTTP/1.1" 304 0
"GET /static/chatbot/js/chat.js HTTP/1.1" 200 14257
"POST /process-message/ HTTP/1.1" 200 874
/home/runner/workspace/chatbot/ai_processor.py changed, reloading.
Watching for file changes with StatReloader
"GET / HTTP/1.1" 200 27698
"GET /static/chatbot/css/style.css HTTP/1.1" 304 0
Watching for file changes with StatReloader
"GET / HTTP/1.1" 200 27698
"GET /static/chatbot/css/style.css HTTP/1.1" 304 0
"GET / HTTP/1.1" 200 27698
"GET /static/chatbot/css/style.css HTTP/1.1" 304 0
"GET /chat/ HTTP/1.1" 200 19764
"GET /static/chatbot/js/chat.js HTTP/1.1" 304 0
"POST /process-message/ HTTP/1.1" 200 466
"POST /process-message/ HTTP/1.1" 200 703
"POST /process-message/ HTTP/1.1" 200 1273
/home/runner/workspace/chatbot/ai_processor.py changed, reloading.
Watching for file changes with StatReloader
"GET / HTTP/1.1" 200 27698
"GET /static/chatbot/css/style.css HTTP/1.1" 304 0
Watching for file changes with StatReloader
"GET / HTTP/1.1" 200 27698
"GET / HTTP/1.1" 200 27698
"GET /static/chatbot/css/style.css HTTP/1.1" 304 0
"GET /chat/ HTTP/1.1" 200 25585
"GET /static/chatbot/js/chat.js HTTP/1.1" 304 0
Internal Server Error: /process-message/
"POST /process-message/ HTTP/1.1" 500 54
Internal Server Error: /process-message/
"POST /process-message/ HTTP/1.1" 500 54
"GET /static/chatbot/css/style.css HTTP/1.1" 304 0
/home/runner/workspace/chatbot/ai_processor.py changed, reloading.
Watching for file changes with StatReloader
"GET / HTTP/1.1" 200 27698
"GET /static/chatbot/css/style.css HTTP/1.1" 304 0
"GET /chat/ HTTP/1.1" 200 26881
"GET /static/chatbot/js/chat.js HTTP/1.1" 304 0
Internal Server Error: /process-message/
"POST /process-message/ HTTP/1.1" 500 54
/home/runner/workspace/chatbot/ai_processor.py changed, reloading.
Watching for file changes with StatReloader
Watching for file changes with StatReloader
"GET / HTTP/1.1" 200 27698
"GET /static/chatbot/css/style.css HTTP/1.1" 304 0
"GET /chat/ HTTP/1.1" 200 27535
"GET /static/chatbot/js/chat.js HTTP/1.1" 304 0
"GET /chat/clear/ HTTP/1.1" 302 0
"GET /chat/ HTTP/1.1" 200 16882
"POST /process-message/ HTTP/1.1" 200 1637
"POST /process-message/ HTTP/1.1" 200 775
"POST /process-message/ HTTP/1.1" 200 690
"POST /process-message/ HTTP/1.1" 200 875
"POST /process-message/ HTTP/1.1" 200 465
"POST /process-message/ HTTP/1.1" 200 821
"POST /process-message/ HTTP/1.1" 200 836
"POST /process-message/ HTTP/1.1" 200 1497
"POST /process-message/ HTTP/1.1" 200 674
"POST /process-message/ HTTP/1.1" 200 1581
"POST /process-message/ HTTP/1.1" 200 245
"POST /process-message/ HTTP/1.1" 200 245
"GET /chat/clear/ HTTP/1.1" 302 0
"GET /chat/ HTTP/1.1" 200 16882
"GET /static/chatbot/css/style.css HTTP/1.1" 304 0
"GET /static/chatbot/js/chat.js HTTP/1.1" 304 0
/home/runner/workspace/chatbot/data/student_engagement.py changed, reloading.
Watching for file changes with StatReloader
Watching for file changes with StatReloader
Watching for file changes with StatReloader
/home/runner/workspace/chatbot/views.py changed, reloading.
Watching for file changes with StatReloader
Watching for file changes with StatReloader
"GET / HTTP/1.1" 200 27698
"GET /static/chatbot/css/style.css HTTP/1.1" 304 0
"GET / HTTP/1.1" 200 27698
"GET /static/chatbot/css/style.css HTTP/1.1" 304 0
"GET /chat/ HTTP/1.1" 200 16882
"GET /static/chatbot/js/chat.js HTTP/1.1" 304 0
"POST /process-message/ HTTP/1.1" 200 245
"GET /chat/ HTTP/1.1" 200 17260
"GET /chat/clear/ HTTP/1.1" 302 0
"GET /chat/ HTTP/1.1" 200 16882
"POST /process-message/ HTTP/1.1" 200 246
"POST /process-message/ HTTP/1.1" 200 246
"POST /process-message/ HTTP/1.1" 200 875
"POST /process-message/ HTTP/1.1" 200 670
"POST /process-message/ HTTP/1.1" 200 2596
